2022-07-11 11:05:15.149 [main] INFO  com.tagging.DemoApplication - Starting DemoApplication using Java 1.8.0_291 on pankoo with PID 14396 (C:\Users\Administrator\Desktop\yigouNewest0706\auto_data_marker\target\classes started by Administrator in C:\Users\Administrator\Desktop\yigouNewest0706\auto_data_marker)
2022-07-11 11:05:15.207 [main] INFO  com.tagging.DemoApplication - The following profiles are active: dev
2022-07-11 11:05:21.361 [main] INFO  o.s.boot.web.embedded.tomcat.TomcatWebServer - Tomcat initialized with port(s): 8081 (http)
2022-07-11 11:05:21.395 [main] INFO  org.apache.coyote.http11.Http11NioProtocol - Initializing ProtocolHandler ["http-nio-8081"]
2022-07-11 11:05:21.397 [main] INFO  org.apache.catalina.core.StandardService - Starting service [Tomcat]
2022-07-11 11:05:21.398 [main] INFO  org.apache.catalina.core.StandardEngine - Starting Servlet engine: [Apache Tomcat/9.0.39]
2022-07-11 11:05:21.745 [main] INFO  o.a.c.core.ContainerBase.[Tomcat].[localhost].[/] - Initializing Spring embedded WebApplicationContext
2022-07-11 11:05:21.746 [main] INFO  o.s.b.w.s.c.ServletWebServerApplicationContext - Root WebApplicationContext: initialization completed in 6381 ms
2022-07-11 11:05:24.571 [main] INFO  com.zaxxer.hikari.HikariDataSource - HikariPool-1 - Starting...
2022-07-11 11:05:26.510 [main] INFO  com.zaxxer.hikari.HikariDataSource - HikariPool-1 - Start completed.
2022-07-11 11:05:28.242 [main] INFO  c.g.wujun234.uid.worker.DisposableWorkerIdAssigner - Add worker node:WorkerNodeEntity[id=0,hostName=192.168.85.1,port=1657508728071-62440,type=2,launchDate=Mon Jul 11 11:05:26 CST 2022,created=<null>,modified=<null>]
2022-07-11 11:05:28.272 [main] INFO  com.github.wujun234.uid.impl.DefaultUidGenerator - Initialized bits(1, 30, 16, 7) for workerID:0
2022-07-11 11:05:28.276 [main] INFO  com.github.wujun234.uid.impl.CachedUidGenerator - Initialized ring buffer size:1024, paddingFactor:50
2022-07-11 11:05:28.284 [main] INFO  com.github.wujun234.uid.impl.CachedUidGenerator - Initialized BufferPaddingExecutor. Using schdule:false, interval:null
2022-07-11 11:05:28.284 [main] INFO  com.github.wujun234.uid.buffer.RingBuffer - Ready to padding buffer lastSecond:1657508728. RingBuffer [bufferSize=1024, tail=-1, cursor=-1, paddingThreshold=512]
2022-07-11 11:05:28.290 [main] INFO  com.github.wujun234.uid.buffer.RingBuffer - End to padding buffer lastSecond:1657508737. RingBuffer [bufferSize=1024, tail=1023, cursor=-1, paddingThreshold=512]
2022-07-11 11:05:28.290 [main] INFO  com.github.wujun234.uid.impl.CachedUidGenerator - Initialized RingBuffer successfully.
2022-07-11 11:05:30.393 [main] INFO  o.s.scheduling.concurrent.ThreadPoolTaskExecutor - Initializing ExecutorService 'applicationTaskExecutor'
2022-07-11 11:05:34.306 [main] INFO  t.mybatis.mapper.autoconfigure.MapperCacheDisabler - Clear tk.mybatis.mapper.util.MsUtil CLASS_CACHE cache.
2022-07-11 11:05:34.308 [main] INFO  t.mybatis.mapper.autoconfigure.MapperCacheDisabler - Clear tk.mybatis.mapper.genid.GenIdUtil CACHE cache.
2022-07-11 11:05:34.371 [main] INFO  t.mybatis.mapper.autoconfigure.MapperCacheDisabler - Clear tk.mybatis.mapper.version.VersionUtil CACHE cache.
2022-07-11 11:05:34.374 [main] INFO  t.mybatis.mapper.autoconfigure.MapperCacheDisabler - Clear EntityHelper entityTableMap cache.
2022-07-11 11:05:35.189 [main] INFO  org.apache.coyote.http11.Http11NioProtocol - Starting ProtocolHandler ["http-nio-8081"]
2022-07-11 11:05:35.338 [main] INFO  o.s.boot.web.embedded.tomcat.TomcatWebServer - Tomcat started on port(s): 8081 (http) with context path ''
2022-07-11 11:05:35.384 [main] INFO  com.tagging.DemoApplication - Started DemoApplication in 22.383 seconds (JVM running for 24.336)
2022-07-11 11:06:14.895 [http-nio-8081-exec-1] INFO  o.a.c.core.ContainerBase.[Tomcat].[localhost].[/] - Initializing Spring DispatcherServlet 'dispatcherServlet'
2022-07-11 11:06:14.896 [http-nio-8081-exec-1] INFO  org.springframework.web.servlet.DispatcherServlet - Initializing Servlet 'dispatcherServlet'
2022-07-11 11:06:14.900 [http-nio-8081-exec-1] INFO  org.springframework.web.servlet.DispatcherServlet - Completed initialization in 4 ms
2022-07-11 11:09:07.881 [http-nio-8081-exec-9] INFO  com.tagging.service.VideoInformationService - cmd /c cd D:/pythonVirtualEnv37 && python C:/Users/Administrator/Desktop/newyigou0326/YOLOV5_new/video2img.py C:/code/projects/am/minio/video/896882528223232/5zhen.avi C:/code/projects/am/minio/motimg/896882528223232/
2022-07-11 11:09:09.188 [http-nio-8081-exec-9] INFO  com.tagging.service.VideoInformationService - cmd /c cd D:/pythonVirtualEnv37 && python C:/Users/Administrator/Desktop/newyigou0326/YOLOV5_new/video2img.py C:/code/projects/am/minio/video/896882528223232/5zhen.avi C:/code/projects/am/minio/img/896882528223232/
2022-07-11 11:10:04.451 [http-nio-8081-exec-10] INFO  com.tagging.service.YoloTaggingService - cmd /c cd D:/pythonVirtualEnv37 && start python C:/Users/Administrator/Desktop/newyigou0326/YOLOV5_new/detect.py --source C:/code/projects/am/minio/video/896882528223232/5zhen.avi --project C:/code/projects/am/minio/txt/896882528223232/
2022-07-11 11:10:26.877 [http-nio-8081-exec-4] INFO  com.tagging.service.VisibleTaggingService - cmd /c cd D:/pythonVirtualEnv37 && python C:/Users/Administrator/Desktop/newyigou0326/YOLOV5_new/tracking_paint.py C:/code/projects/am/minio/video/896882528223232/5zhen.avi C:/code/projects/am/minio/mottxt/896882528223232/mot.txt C:/code/projects/am/minio/motimg/896882528223232/
2022-07-11 14:11:44.112 [http-nio-8081-exec-3] INFO  com.tagging.service.VideoInformationService - cmd /c cd D:/pythonVirtualEnv37 && python C:/Users/Administrator/Desktop/newyigou0326/YOLOV5_new/video2img.py C:/code/projects/am/minio/video/896882536611890/5zhen.avi C:/code/projects/am/minio/motimg/896882536611890/
2022-07-11 14:11:45.309 [http-nio-8081-exec-3] INFO  com.tagging.service.VideoInformationService - cmd /c cd D:/pythonVirtualEnv37 && python C:/Users/Administrator/Desktop/newyigou0326/YOLOV5_new/video2img.py C:/code/projects/am/minio/video/896882536611890/5zhen.avi C:/code/projects/am/minio/img/896882536611890/
2022-07-11 14:13:27.879 [http-nio-8081-exec-9] INFO  com.tagging.service.YoloTaggingService - cmd /c cd D:/pythonVirtualEnv37 && start python C:/Users/Administrator/Desktop/newyigou0326/YOLOV5_new/detect.py --source C:/code/projects/am/minio/video/896882536611890/5zhen.avi --project C:/code/projects/am/minio/txt/896882536611890/
2022-07-11 14:14:53.159 [http-nio-8081-exec-1] INFO  com.tagging.service.VisibleTaggingService - cmd /c cd D:/pythonVirtualEnv37 && python C:/Users/Administrator/Desktop/newyigou0326/YOLOV5_new/tracking_paint.py C:/code/projects/am/minio/video/896882536611890/5zhen.avi C:/code/projects/am/minio/mottxt/896882536611890/mot.txt C:/code/projects/am/minio/motimg/896882536611890/
2022-07-11 14:16:28.824 [http-nio-8081-exec-10] INFO  com.tagging.service.VideoInformationService - cmd /c cd D:/pythonVirtualEnv37 && python C:/Users/Administrator/Desktop/newyigou0326/YOLOV5_new/video2img.py C:/code/projects/am/minio/video/896882545000548/5zhen.avi C:/code/projects/am/minio/motimg/896882545000548/
2022-07-11 14:16:29.189 [http-nio-8081-exec-10] INFO  com.tagging.service.VideoInformationService - cmd /c cd D:/pythonVirtualEnv37 && python C:/Users/Administrator/Desktop/newyigou0326/YOLOV5_new/video2img.py C:/code/projects/am/minio/video/896882545000548/5zhen.avi C:/code/projects/am/minio/img/896882545000548/
2022-07-11 14:16:40.199 [http-nio-8081-exec-10] INFO  com.tagging.service.YoloTaggingService - cmd /c cd D:/pythonVirtualEnv37 && start python C:/Users/Administrator/Desktop/newyigou0326/YOLOV5_new/detect.py --source C:/code/projects/am/minio/video/896882545000548/5zhen.avi --project C:/code/projects/am/minio/txt/896882545000548/
2022-07-11 14:18:00.926 [SpringContextShutdownHook] INFO  o.s.scheduling.concurrent.ThreadPoolTaskExecutor - Shutting down ExecutorService 'applicationTaskExecutor'
2022-07-11 14:18:00.943 [SpringContextShutdownHook] INFO  com.zaxxer.hikari.HikariDataSource - HikariPool-1 - Shutdown initiated...
2022-07-11 14:18:00.983 [SpringContextShutdownHook] INFO  com.zaxxer.hikari.HikariDataSource - HikariPool-1 - Shutdown completed.
2022-07-11 14:18:12.089 [main] INFO  com.tagging.DemoApplication - Starting DemoApplication using Java 1.8.0_291 on pankoo with PID 400 (C:\Users\Administrator\Desktop\yigouNewest0706\auto_data_marker\target\classes started by Administrator in C:\Users\Administrator\Desktop\yigouNewest0706\auto_data_marker)
2022-07-11 14:18:12.095 [main] INFO  com.tagging.DemoApplication - The following profiles are active: dev
2022-07-11 14:18:16.095 [main] INFO  o.s.boot.web.embedded.tomcat.TomcatWebServer - Tomcat initialized with port(s): 8081 (http)
2022-07-11 14:18:16.113 [main] INFO  org.apache.coyote.http11.Http11NioProtocol - Initializing ProtocolHandler ["http-nio-8081"]
2022-07-11 14:18:16.115 [main] INFO  org.apache.catalina.core.StandardService - Starting service [Tomcat]
2022-07-11 14:18:16.116 [main] INFO  org.apache.catalina.core.StandardEngine - Starting Servlet engine: [Apache Tomcat/9.0.39]
2022-07-11 14:18:16.302 [main] INFO  o.a.c.core.ContainerBase.[Tomcat].[localhost].[/] - Initializing Spring embedded WebApplicationContext
2022-07-11 14:18:16.302 [main] INFO  o.s.b.w.s.c.ServletWebServerApplicationContext - Root WebApplicationContext: initialization completed in 4082 ms
2022-07-11 14:18:22.420 [main] INFO  com.zaxxer.hikari.HikariDataSource - HikariPool-1 - Starting...
2022-07-11 14:18:23.998 [main] INFO  com.zaxxer.hikari.HikariDataSource - HikariPool-1 - Start completed.
2022-07-11 14:18:24.671 [main] INFO  c.g.wujun234.uid.worker.DisposableWorkerIdAssigner - Add worker node:WorkerNodeEntity[id=0,hostName=192.168.85.1,port=1657520304568-23182,type=2,launchDate=Mon Jul 11 14:18:24 CST 2022,created=<null>,modified=<null>]
2022-07-11 14:18:24.692 [main] INFO  com.github.wujun234.uid.impl.DefaultUidGenerator - Initialized bits(1, 30, 16, 7) for workerID:0
2022-07-11 14:18:24.695 [main] INFO  com.github.wujun234.uid.impl.CachedUidGenerator - Initialized ring buffer size:1024, paddingFactor:50
2022-07-11 14:18:24.699 [main] INFO  com.github.wujun234.uid.impl.CachedUidGenerator - Initialized BufferPaddingExecutor. Using schdule:false, interval:null
2022-07-11 14:18:24.699 [main] INFO  com.github.wujun234.uid.buffer.RingBuffer - Ready to padding buffer lastSecond:1657520304. RingBuffer [bufferSize=1024, tail=-1, cursor=-1, paddingThreshold=512]
2022-07-11 14:18:24.701 [main] INFO  com.github.wujun234.uid.buffer.RingBuffer - End to padding buffer lastSecond:1657520313. RingBuffer [bufferSize=1024, tail=1023, cursor=-1, paddingThreshold=512]
2022-07-11 14:18:24.701 [main] INFO  com.github.wujun234.uid.impl.CachedUidGenerator - Initialized RingBuffer successfully.
2022-07-11 14:18:25.725 [main] INFO  o.s.scheduling.concurrent.ThreadPoolTaskExecutor - Initializing ExecutorService 'applicationTaskExecutor'
2022-07-11 14:18:27.373 [main] INFO  t.mybatis.mapper.autoconfigure.MapperCacheDisabler - Clear tk.mybatis.mapper.util.MsUtil CLASS_CACHE cache.
2022-07-11 14:18:27.374 [main] INFO  t.mybatis.mapper.autoconfigure.MapperCacheDisabler - Clear tk.mybatis.mapper.genid.GenIdUtil CACHE cache.
2022-07-11 14:18:27.376 [main] INFO  t.mybatis.mapper.autoconfigure.MapperCacheDisabler - Clear tk.mybatis.mapper.version.VersionUtil CACHE cache.
2022-07-11 14:18:27.376 [main] INFO  t.mybatis.mapper.autoconfigure.MapperCacheDisabler - Clear EntityHelper entityTableMap cache.
2022-07-11 14:18:27.686 [main] INFO  org.apache.coyote.http11.Http11NioProtocol - Starting ProtocolHandler ["http-nio-8081"]
2022-07-11 14:18:27.749 [main] INFO  o.s.boot.web.embedded.tomcat.TomcatWebServer - Tomcat started on port(s): 8081 (http) with context path ''
2022-07-11 14:18:27.771 [main] INFO  com.tagging.DemoApplication - Started DemoApplication in 17.409 seconds (JVM running for 22.818)
2022-07-11 14:18:34.722 [http-nio-8081-exec-1] INFO  o.a.c.core.ContainerBase.[Tomcat].[localhost].[/] - Initializing Spring DispatcherServlet 'dispatcherServlet'
2022-07-11 14:18:34.723 [http-nio-8081-exec-1] INFO  org.springframework.web.servlet.DispatcherServlet - Initializing Servlet 'dispatcherServlet'
2022-07-11 14:18:34.724 [http-nio-8081-exec-1] INFO  org.springframework.web.servlet.DispatcherServlet - Completed initialization in 1 ms
2022-07-11 14:20:04.210 [http-nio-8081-exec-2] INFO  com.tagging.service.VisibleTaggingService - cmd /c cd D:/pythonVirtualEnv37 && python C:/Users/Administrator/Desktop/newyigou0326/YOLOV5_new/tracking_paint.py C:/code/projects/am/minio/video/896882545000548/5zhen.avi C:/code/projects/am/minio/mottxt/896882545000548/mot.txt C:/code/projects/am/minio/motimg/896882545000548/
2022-07-11 15:11:30.204 [main] INFO  com.tagging.DemoApplication - Starting DemoApplication using Java 1.8.0_291 on pankoo with PID 11496 (C:\Users\Administrator\Desktop\yigouNewest0706\auto_data_marker\target\classes started by Administrator in C:\Users\Administrator\Desktop\yigouNewest0706\auto_data_marker)
2022-07-11 15:11:30.222 [main] INFO  com.tagging.DemoApplication - The following profiles are active: dev
2022-07-11 15:11:33.730 [main] INFO  o.s.boot.web.embedded.tomcat.TomcatWebServer - Tomcat initialized with port(s): 8081 (http)
2022-07-11 15:11:33.747 [main] INFO  org.apache.coyote.http11.Http11NioProtocol - Initializing ProtocolHandler ["http-nio-8081"]
2022-07-11 15:11:33.748 [main] INFO  org.apache.catalina.core.StandardService - Starting service [Tomcat]
2022-07-11 15:11:33.748 [main] INFO  org.apache.catalina.core.StandardEngine - Starting Servlet engine: [Apache Tomcat/9.0.39]
2022-07-11 15:11:34.201 [main] INFO  o.a.c.core.ContainerBase.[Tomcat].[localhost].[/] - Initializing Spring embedded WebApplicationContext
2022-07-11 15:11:34.202 [main] INFO  o.s.b.w.s.c.ServletWebServerApplicationContext - Root WebApplicationContext: initialization completed in 3850 ms
2022-07-11 15:11:36.254 [main] INFO  com.zaxxer.hikari.HikariDataSource - HikariPool-1 - Starting...
2022-07-11 15:11:37.335 [main] INFO  com.zaxxer.hikari.HikariDataSource - HikariPool-1 - Start completed.
2022-07-11 15:11:38.000 [main] INFO  c.g.wujun234.uid.worker.DisposableWorkerIdAssigner - Add worker node:WorkerNodeEntity[id=0,hostName=192.168.85.1,port=1657523497931-81959,type=2,launchDate=Mon Jul 11 15:11:37 CST 2022,created=<null>,modified=<null>]
2022-07-11 15:11:38.014 [main] INFO  com.github.wujun234.uid.impl.DefaultUidGenerator - Initialized bits(1, 30, 16, 7) for workerID:0
2022-07-11 15:11:38.017 [main] INFO  com.github.wujun234.uid.impl.CachedUidGenerator - Initialized ring buffer size:1024, paddingFactor:50
2022-07-11 15:11:38.019 [main] INFO  com.github.wujun234.uid.impl.CachedUidGenerator - Initialized BufferPaddingExecutor. Using schdule:false, interval:null
2022-07-11 15:11:38.019 [main] INFO  com.github.wujun234.uid.buffer.RingBuffer - Ready to padding buffer lastSecond:1657523498. RingBuffer [bufferSize=1024, tail=-1, cursor=-1, paddingThreshold=512]
2022-07-11 15:11:38.021 [main] INFO  com.github.wujun234.uid.buffer.RingBuffer - End to padding buffer lastSecond:1657523507. RingBuffer [bufferSize=1024, tail=1023, cursor=-1, paddingThreshold=512]
2022-07-11 15:11:38.022 [main] INFO  com.github.wujun234.uid.impl.CachedUidGenerator - Initialized RingBuffer successfully.
2022-07-11 15:11:38.882 [main] INFO  o.s.scheduling.concurrent.ThreadPoolTaskExecutor - Initializing ExecutorService 'applicationTaskExecutor'
2022-07-11 15:11:40.451 [main] INFO  t.mybatis.mapper.autoconfigure.MapperCacheDisabler - Clear tk.mybatis.mapper.util.MsUtil CLASS_CACHE cache.
2022-07-11 15:11:40.458 [main] INFO  t.mybatis.mapper.autoconfigure.MapperCacheDisabler - Clear tk.mybatis.mapper.genid.GenIdUtil CACHE cache.
2022-07-11 15:11:40.460 [main] INFO  t.mybatis.mapper.autoconfigure.MapperCacheDisabler - Clear tk.mybatis.mapper.version.VersionUtil CACHE cache.
2022-07-11 15:11:40.460 [main] INFO  t.mybatis.mapper.autoconfigure.MapperCacheDisabler - Clear EntityHelper entityTableMap cache.
2022-07-11 15:11:40.804 [main] INFO  org.apache.coyote.http11.Http11NioProtocol - Starting ProtocolHandler ["http-nio-8081"]
2022-07-11 15:11:40.899 [main] INFO  o.s.boot.web.embedded.tomcat.TomcatWebServer - Tomcat started on port(s): 8081 (http) with context path ''
2022-07-11 15:11:40.918 [main] INFO  com.tagging.DemoApplication - Started DemoApplication in 12.338 seconds (JVM running for 13.762)
2022-07-11 15:11:41.063 [http-nio-8081-exec-1] INFO  o.a.c.core.ContainerBase.[Tomcat].[localhost].[/] - Initializing Spring DispatcherServlet 'dispatcherServlet'
2022-07-11 15:11:41.063 [http-nio-8081-exec-1] INFO  org.springframework.web.servlet.DispatcherServlet - Initializing Servlet 'dispatcherServlet'
2022-07-11 15:11:41.064 [http-nio-8081-exec-1] INFO  org.springframework.web.servlet.DispatcherServlet - Completed initialization in 1 ms
2022-07-11 15:12:27.961 [http-nio-8081-exec-7] INFO  com.tagging.service.VideoInformationService - cmd /c cd D:/pythonVirtualEnv37 && python C:/Users/Administrator/Desktop/newyigou0326/YOLOV5_new/video2img.py C:/code/projects/am/minio/video/897006427963392/5zhen.avi C:/code/projects/am/minio/motimg/897006427963392/
2022-07-11 15:12:29.101 [http-nio-8081-exec-7] INFO  com.tagging.service.VideoInformationService - cmd /c cd D:/pythonVirtualEnv37 && python C:/Users/Administrator/Desktop/newyigou0326/YOLOV5_new/video2img.py C:/code/projects/am/minio/video/897006427963392/5zhen.avi C:/code/projects/am/minio/img/897006427963392/
2022-07-11 15:12:37.030 [http-nio-8081-exec-7] INFO  com.tagging.service.YoloTaggingService - cmd /c cd D:/pythonVirtualEnv37 && start python C:/Users/Administrator/Desktop/newyigou0326/YOLOV5_new/detect.py --source C:/code/projects/am/minio/video/897006427963392/5zhen.avi --project C:/code/projects/am/minio/txt/897006427963392/
2022-07-11 15:14:15.060 [http-nio-8081-exec-10] INFO  com.tagging.service.VisibleTaggingService - cmd /c cd D:/pythonVirtualEnv37 && python C:/Users/Administrator/Desktop/newyigou0326/YOLOV5_new/tracking_paint.py C:/code/projects/am/minio/video/897006427963392/5zhen.avi C:/code/projects/am/minio/mottxt/897006427963392/mot.txt C:/code/projects/am/minio/motimg/897006427963392/
2022-07-11 15:14:49.378 [http-nio-8081-exec-10] INFO  com.tagging.service.YoloTaggingService - 保存成功
2022-07-11 15:17:05.575 [SpringContextShutdownHook] INFO  o.s.scheduling.concurrent.ThreadPoolTaskExecutor - Shutting down ExecutorService 'applicationTaskExecutor'
2022-07-11 15:17:05.579 [SpringContextShutdownHook] INFO  com.zaxxer.hikari.HikariDataSource - HikariPool-1 - Shutdown initiated...
2022-07-11 15:17:05.597 [SpringContextShutdownHook] INFO  com.zaxxer.hikari.HikariDataSource - HikariPool-1 - Shutdown completed.
