2022-07-12 13:36:56.655 [main] WARN  o.s.b.w.s.c.AnnotationConfigServletWebServerApplicationContext - Exception encountered during context initialization - cancelling refresh attempt: org.springframework.beans.factory.UnsatisfiedDependencyException: Error creating bean with name 'infraredImageTaggingController': Unsatisfied dependency expressed through field 'infraredImageTaggingService'; nested exception is org.springframework.beans.factory.BeanCreationException: Error creating bean with name 'infraredImageTaggingService': Injection of resource dependencies failed; nested exception is org.springframework.beans.factory.BeanCreationException: Error creating bean with name 'cachedUidGenerator' defined in class path resource [com/github/wujun234/uid/UidAutoConfigure.class]: Invocation of init method failed; nested exception is org.springframework.transaction.CannotCreateTransactionException: Could not open JDBC Connection for transaction; nested exception is com.mysql.cj.jdbc.exceptions.CommunicationsException: Communications link failure

The last packet sent successfully to the server was 0 milliseconds ago. The driver has not received any packets from the server.
2022-07-12 14:24:56.047 [main] WARN  o.s.b.w.s.c.AnnotationConfigServletWebServerApplicationContext - Exception encountered during context initialization - cancelling refresh attempt: org.springframework.beans.factory.UnsatisfiedDependencyException: Error creating bean with name 'infraredImageTaggingController': Unsatisfied dependency expressed through field 'infraredImageTaggingService'; nested exception is org.springframework.beans.factory.BeanCreationException: Error creating bean with name 'infraredImageTaggingService': Injection of resource dependencies failed; nested exception is org.springframework.beans.factory.BeanCreationException: Error creating bean with name 'cachedUidGenerator' defined in class path resource [com/github/wujun234/uid/UidAutoConfigure.class]: Invocation of init method failed; nested exception is org.springframework.transaction.CannotCreateTransactionException: Could not open JDBC Connection for transaction; nested exception is com.mysql.cj.jdbc.exceptions.CommunicationsException: Communications link failure

The last packet sent successfully to the server was 0 milliseconds ago. The driver has not received any packets from the server.
2022-07-12 15:25:13.990 [main] WARN  o.s.b.w.s.c.AnnotationConfigServletWebServerApplicationContext - Exception encountered during context initialization - cancelling refresh attempt: org.springframework.beans.factory.UnsatisfiedDependencyException: Error creating bean with name 'infraredImageTaggingController': Unsatisfied dependency expressed through field 'infraredImageTaggingService'; nested exception is org.springframework.beans.factory.BeanCreationException: Error creating bean with name 'infraredImageTaggingService': Injection of resource dependencies failed; nested exception is org.springframework.beans.factory.BeanCreationException: Error creating bean with name 'cachedUidGenerator' defined in class path resource [com/github/wujun234/uid/UidAutoConfigure.class]: Invocation of init method failed; nested exception is org.springframework.transaction.CannotCreateTransactionException: Could not open JDBC Connection for transaction; nested exception is com.mysql.cj.jdbc.exceptions.CommunicationsException: Communications link failure

The last packet sent successfully to the server was 0 milliseconds ago. The driver has not received any packets from the server.
2022-07-12 15:26:50.888 [main] WARN  o.s.b.w.s.c.AnnotationConfigServletWebServerApplicationContext - Exception encountered during context initialization - cancelling refresh attempt: org.springframework.beans.factory.UnsatisfiedDependencyException: Error creating bean with name 'infraredImageTaggingController': Unsatisfied dependency expressed through field 'infraredImageTaggingService'; nested exception is org.springframework.beans.factory.BeanCreationException: Error creating bean with name 'infraredImageTaggingService': Injection of resource dependencies failed; nested exception is org.springframework.beans.factory.BeanCreationException: Error creating bean with name 'cachedUidGenerator' defined in class path resource [com/github/wujun234/uid/UidAutoConfigure.class]: Invocation of init method failed; nested exception is org.springframework.jdbc.BadSqlGrammarException: 
### Error updating database.  Cause: java.sql.SQLSyntaxErrorException: Table 'test.WORKER_NODE' doesn't exist
### The error may exist in com/github/wujun234/uid/worker/dao/WorkerNodeDAO.java (best guess)
### The error may involve com.github.wujun234.uid.worker.dao.WorkerNodeDAO.addWorkerNode-Inline
### The error occurred while setting parameters
### SQL: INSERT INTO WORKER_NODE(HOST_NAME,PORT,TYPE,LAUNCH_DATE,MODIFIED,CREATED)VALUES (?,?,?,?,NOW(),NOW())
### Cause: java.sql.SQLSyntaxErrorException: Table 'test.WORKER_NODE' doesn't exist
; bad SQL grammar []; nested exception is java.sql.SQLSyntaxErrorException: Table 'test.WORKER_NODE' doesn't exist
2022-07-12 15:30:03.404 [main] WARN  o.s.b.w.s.c.AnnotationConfigServletWebServerApplicationContext - Exception encountered during context initialization - cancelling refresh attempt: org.springframework.beans.factory.UnsatisfiedDependencyException: Error creating bean with name 'infraredImageTaggingController': Unsatisfied dependency expressed through field 'infraredImageTaggingService'; nested exception is org.springframework.beans.factory.BeanCreationException: Error creating bean with name 'infraredImageTaggingService': Injection of resource dependencies failed; nested exception is org.springframework.beans.factory.BeanCreationException: Error creating bean with name 'cachedUidGenerator' defined in class path resource [com/github/wujun234/uid/UidAutoConfigure.class]: Invocation of init method failed; nested exception is org.springframework.jdbc.BadSqlGrammarException: 
### Error updating database.  Cause: java.sql.SQLSyntaxErrorException: Table 'test.WORKER_NODE' doesn't exist
### The error may exist in com/github/wujun234/uid/worker/dao/WorkerNodeDAO.java (best guess)
### The error may involve com.github.wujun234.uid.worker.dao.WorkerNodeDAO.addWorkerNode-Inline
### The error occurred while setting parameters
### SQL: INSERT INTO WORKER_NODE(HOST_NAME,PORT,TYPE,LAUNCH_DATE,MODIFIED,CREATED)VALUES (?,?,?,?,NOW(),NOW())
### Cause: java.sql.SQLSyntaxErrorException: Table 'test.WORKER_NODE' doesn't exist
; bad SQL grammar []; nested exception is java.sql.SQLSyntaxErrorException: Table 'test.WORKER_NODE' doesn't exist
2022-07-12 15:30:50.171 [main] WARN  o.s.b.w.s.c.AnnotationConfigServletWebServerApplicationContext - Exception encountered during context initialization - cancelling refresh attempt: org.springframework.beans.factory.UnsatisfiedDependencyException: Error creating bean with name 'infraredImageTaggingController': Unsatisfied dependency expressed through field 'infraredImageTaggingService'; nested exception is org.springframework.beans.factory.BeanCreationException: Error creating bean with name 'infraredImageTaggingService': Injection of resource dependencies failed; nested exception is org.springframework.beans.factory.BeanCreationException: Error creating bean with name 'cachedUidGenerator' defined in class path resource [com/github/wujun234/uid/UidAutoConfigure.class]: Invocation of init method failed; nested exception is org.springframework.jdbc.BadSqlGrammarException: 
### Error updating database.  Cause: java.sql.SQLSyntaxErrorException: Unknown column 'CREATED' in 'field list'
### The error may exist in com/github/wujun234/uid/worker/dao/WorkerNodeDAO.java (best guess)
### The error may involve com.github.wujun234.uid.worker.dao.WorkerNodeDAO.addWorkerNode-Inline
### The error occurred while setting parameters
### SQL: INSERT INTO WORKER_NODE(HOST_NAME,PORT,TYPE,LAUNCH_DATE,MODIFIED,CREATED)VALUES (?,?,?,?,NOW(),NOW())
### Cause: java.sql.SQLSyntaxErrorException: Unknown column 'CREATED' in 'field list'
; bad SQL grammar []; nested exception is java.sql.SQLSyntaxErrorException: Unknown column 'CREATED' in 'field list'
2022-07-12 15:59:37.942 [main] WARN  com.github.wujun234.uid.buffer.RingBuffer - Rejected putting buffer for uid:897755421605888. RingBuffer [bufferSize=1024, tail=1023, cursor=-1, paddingThreshold=512]
2022-07-12 16:35:15.872 [main] WARN  com.github.wujun234.uid.buffer.RingBuffer - Rejected putting buffer for uid:897773356449792. RingBuffer [bufferSize=1024, tail=1023, cursor=-1, paddingThreshold=512]
2022-07-12 16:43:25.166 [main] WARN  com.github.wujun234.uid.buffer.RingBuffer - Rejected putting buffer for uid:897777466867712. RingBuffer [bufferSize=1024, tail=1023, cursor=-1, paddingThreshold=512]
2022-07-12 17:01:38.708 [main] WARN  com.github.wujun234.uid.buffer.RingBuffer - Rejected putting buffer for uid:897786635616256. RingBuffer [bufferSize=1024, tail=1023, cursor=-1, paddingThreshold=512]
2022-07-12 17:04:32.716 [main] WARN  com.github.wujun234.uid.buffer.RingBuffer - Rejected putting buffer for uid:897788095234048. RingBuffer [bufferSize=1024, tail=1023, cursor=-1, paddingThreshold=512]
2022-07-12 17:10:24.998 [main] WARN  com.github.wujun234.uid.buffer.RingBuffer - Rejected putting buffer for uid:897791048024064. RingBuffer [bufferSize=1024, tail=1023, cursor=-1, paddingThreshold=512]
2022-07-12 17:18:33.114 [main] WARN  com.github.wujun234.uid.buffer.RingBuffer - Rejected putting buffer for uid:897795150053376. RingBuffer [bufferSize=1024, tail=1023, cursor=-1, paddingThreshold=512]
2022-07-12 17:38:18.287 [main] WARN  com.github.wujun234.uid.buffer.RingBuffer - Rejected putting buffer for uid:897805090553856. RingBuffer [bufferSize=1024, tail=1023, cursor=-1, paddingThreshold=512]
2022-07-12 17:47:54.956 [main] WARN  com.github.wujun234.uid.buffer.RingBuffer - Rejected putting buffer for uid:897809922392064. RingBuffer [bufferSize=1024, tail=1023, cursor=-1, paddingThreshold=512]
2022-07-12 17:48:49.633 [main] WARN  com.github.wujun234.uid.buffer.RingBuffer - Rejected putting buffer for uid:897810383765504. RingBuffer [bufferSize=1024, tail=1023, cursor=-1, paddingThreshold=512]
2022-07-12 17:52:10.210 [main] WARN  com.github.wujun234.uid.buffer.RingBuffer - Rejected putting buffer for uid:897812069875712. RingBuffer [bufferSize=1024, tail=1023, cursor=-1, paddingThreshold=512]
2022-07-12 17:53:56.314 [main] WARN  com.github.wujun234.uid.buffer.RingBuffer - Rejected putting buffer for uid:897812959068160. RingBuffer [bufferSize=1024, tail=1023, cursor=-1, paddingThreshold=512]
2022-07-12 17:55:06.081 [main] WARN  com.github.wujun234.uid.buffer.RingBuffer - Rejected putting buffer for uid:897813546270720. RingBuffer [bufferSize=1024, tail=1023, cursor=-1, paddingThreshold=512]
2022-07-12 19:10:56.637 [main] WARN  com.github.wujun234.uid.buffer.RingBuffer - Rejected putting buffer for uid:897851714437120. RingBuffer [bufferSize=1024, tail=1023, cursor=-1, paddingThreshold=512]
2022-07-12 19:11:44.357 [HikariPool-1 housekeeper] WARN  com.zaxxer.hikari.pool.HikariPool - HikariPool-1 - Thread starvation or clock leap detected (housekeeper delta=48s109ms435µs181ns).
2022-07-12 19:12:12.854 [main] WARN  com.github.wujun234.uid.buffer.RingBuffer - Rejected putting buffer for uid:897852351971328. RingBuffer [bufferSize=1024, tail=1023, cursor=-1, paddingThreshold=512]
2022-07-12 19:14:09.937 [main] WARN  com.github.wujun234.uid.buffer.RingBuffer - Rejected putting buffer for uid:897853333438464. RingBuffer [bufferSize=1024, tail=1023, cursor=-1, paddingThreshold=512]
2022-07-12 19:39:08.783 [RingBuffer-Padding-Worker-1] WARN  com.github.wujun234.uid.buffer.RingBuffer - Rejected putting buffer for uid:897853375381504. RingBuffer [bufferSize=1024, tail=1535, cursor=512, paddingThreshold=512]
2022-07-12 19:40:04.214 [RingBuffer-Padding-Worker-2] WARN  com.github.wujun234.uid.buffer.RingBuffer - Rejected putting buffer for uid:897853417324544. RingBuffer [bufferSize=1024, tail=2047, cursor=1024, paddingThreshold=512]
2022-07-12 19:40:43.726 [RingBuffer-Padding-Worker-3] WARN  com.github.wujun234.uid.buffer.RingBuffer - Rejected putting buffer for uid:897853459267584. RingBuffer [bufferSize=1024, tail=2559, cursor=1536, paddingThreshold=512]
2022-07-12 19:41:27.708 [RingBuffer-Padding-Worker-4] WARN  com.github.wujun234.uid.buffer.RingBuffer - Rejected putting buffer for uid:897853501210624. RingBuffer [bufferSize=1024, tail=3071, cursor=2048, paddingThreshold=512]
2022-07-12 19:42:04.963 [RingBuffer-Padding-Worker-5] WARN  com.github.wujun234.uid.buffer.RingBuffer - Rejected putting buffer for uid:897853543153664. RingBuffer [bufferSize=1024, tail=3583, cursor=2560, paddingThreshold=512]
2022-07-12 19:42:29.273 [RingBuffer-Padding-Worker-6] WARN  com.github.wujun234.uid.buffer.RingBuffer - Rejected putting buffer for uid:897853585096704. RingBuffer [bufferSize=1024, tail=4095, cursor=3072, paddingThreshold=512]
2022-07-12 19:42:56.984 [RingBuffer-Padding-Worker-7] WARN  com.github.wujun234.uid.buffer.RingBuffer - Rejected putting buffer for uid:897853627039744. RingBuffer [bufferSize=1024, tail=4607, cursor=3584, paddingThreshold=512]
2022-07-12 19:43:26.663 [RingBuffer-Padding-Worker-8] WARN  com.github.wujun234.uid.buffer.RingBuffer - Rejected putting buffer for uid:897853668982784. RingBuffer [bufferSize=1024, tail=5119, cursor=4096, paddingThreshold=512]
2022-07-12 19:47:23.842 [main] WARN  com.github.wujun234.uid.buffer.RingBuffer - Rejected putting buffer for uid:897870060322816. RingBuffer [bufferSize=1024, tail=1023, cursor=-1, paddingThreshold=512]
2022-07-12 19:48:11.803 [HikariPool-1 housekeeper] WARN  com.zaxxer.hikari.pool.HikariPool - HikariPool-1 - Thread starvation or clock leap detected (housekeeper delta=48s146ms432µs571ns).
2022-07-12 19:48:56.108 [main] WARN  com.github.wujun234.uid.buffer.RingBuffer - Rejected putting buffer for uid:897870840463360. RingBuffer [bufferSize=1024, tail=1023, cursor=-1, paddingThreshold=512]
2022-07-12 19:53:37.773 [main] WARN  com.github.wujun234.uid.buffer.RingBuffer - Rejected putting buffer for uid:897873197662208. RingBuffer [bufferSize=1024, tail=1023, cursor=-1, paddingThreshold=512]
2022-07-12 19:54:35.548 [HikariPool-1 housekeeper] WARN  com.zaxxer.hikari.pool.HikariPool - HikariPool-1 - Thread starvation or clock leap detected (housekeeper delta=57s773ms53µs371ns).
2022-07-12 19:55:23.623 [main] WARN  com.github.wujun234.uid.buffer.RingBuffer - Rejected putting buffer for uid:897874086854656. RingBuffer [bufferSize=1024, tail=1023, cursor=-1, paddingThreshold=512]
2022-07-12 19:57:32.574 [HikariPool-1 housekeeper] WARN  com.zaxxer.hikari.pool.HikariPool - HikariPool-1 - Thread starvation or clock leap detected (housekeeper delta=1m26s531ms253µs459ns).
2022-07-12 19:58:36.676 [main] WARN  com.github.wujun234.uid.buffer.RingBuffer - Rejected putting buffer for uid:897875705856000. RingBuffer [bufferSize=1024, tail=1023, cursor=-1, paddingThreshold=512]
